{"C:\\Users\\vaiskir\\web-fundamentals\\js-challenges\\src\\js11-unit-testing\\js11.js": {"path":"C:\\Users\\vaiskir\\web-fundamentals\\js-challenges\\src\\js11-unit-testing\\js11.js","statementMap":{"0":{"start":{"line":9,"column":21},"end":{"line":11,"column":1}},"1":{"start":{"line":10,"column":2},"end":{"line":10,"column":35}},"2":{"start":{"line":19,"column":29},"end":{"line":21,"column":1}},"3":{"start":{"line":20,"column":2},"end":{"line":20,"column":36}},"4":{"start":{"line":29,"column":27},"end":{"line":37,"column":1}},"5":{"start":{"line":30,"column":2},"end":{"line":36,"column":3}},"6":{"start":{"line":31,"column":4},"end":{"line":31,"column":36}},"7":{"start":{"line":32,"column":9},"end":{"line":36,"column":3}},"8":{"start":{"line":33,"column":4},"end":{"line":33,"column":59}},"9":{"start":{"line":35,"column":4},"end":{"line":35,"column":59}},"10":{"start":{"line":44,"column":30},"end":{"line":51,"column":1}},"11":{"start":{"line":45,"column":21},"end":{"line":45,"column":61}},"12":{"start":{"line":45,"column":44},"end":{"line":45,"column":60}},"13":{"start":{"line":46,"column":2},"end":{"line":50,"column":3}},"14":{"start":{"line":47,"column":4},"end":{"line":47,"column":22}},"15":{"start":{"line":49,"column":4},"end":{"line":49,"column":44}},"16":{"start":{"line":61,"column":29},"end":{"line":71,"column":1}},"17":{"start":{"line":62,"column":2},"end":{"line":70,"column":5}},"18":{"start":{"line":63,"column":4},"end":{"line":69,"column":5}},"19":{"start":{"line":64,"column":6},"end":{"line":64,"column":15}},"20":{"start":{"line":65,"column":11},"end":{"line":69,"column":5}},"21":{"start":{"line":66,"column":6},"end":{"line":66,"column":17}},"22":{"start":{"line":68,"column":6},"end":{"line":68,"column":30}}},"fnMap":{"0":{"name":"(anonymous_0)","decl":{"start":{"line":9,"column":21},"end":{"line":9,"column":22}},"loc":{"start":{"line":9,"column":27},"end":{"line":11,"column":1}},"line":9},"1":{"name":"(anonymous_1)","decl":{"start":{"line":19,"column":29},"end":{"line":19,"column":30}},"loc":{"start":{"line":19,"column":60},"end":{"line":21,"column":1}},"line":19},"2":{"name":"(anonymous_2)","decl":{"start":{"line":29,"column":27},"end":{"line":29,"column":28}},"loc":{"start":{"line":29,"column":58},"end":{"line":37,"column":1}},"line":29},"3":{"name":"(anonymous_3)","decl":{"start":{"line":44,"column":30},"end":{"line":44,"column":31}},"loc":{"start":{"line":44,"column":41},"end":{"line":51,"column":1}},"line":44},"4":{"name":"(anonymous_4)","decl":{"start":{"line":45,"column":34},"end":{"line":45,"column":35}},"loc":{"start":{"line":45,"column":44},"end":{"line":45,"column":60}},"line":45},"5":{"name":"(anonymous_5)","decl":{"start":{"line":61,"column":29},"end":{"line":61,"column":30}},"loc":{"start":{"line":61,"column":51},"end":{"line":71,"column":1}},"line":61},"6":{"name":"(anonymous_6)","decl":{"start":{"line":62,"column":21},"end":{"line":62,"column":22}},"loc":{"start":{"line":62,"column":33},"end":{"line":70,"column":3}},"line":62}},"branchMap":{"0":{"loc":{"start":{"line":30,"column":2},"end":{"line":36,"column":3}},"type":"if","locations":[{"start":{"line":30,"column":2},"end":{"line":36,"column":3}},{"start":{"line":30,"column":2},"end":{"line":36,"column":3}}],"line":30},"1":{"loc":{"start":{"line":32,"column":9},"end":{"line":36,"column":3}},"type":"if","locations":[{"start":{"line":32,"column":9},"end":{"line":36,"column":3}},{"start":{"line":32,"column":9},"end":{"line":36,"column":3}}],"line":32},"2":{"loc":{"start":{"line":46,"column":2},"end":{"line":50,"column":3}},"type":"if","locations":[{"start":{"line":46,"column":2},"end":{"line":50,"column":3}},{"start":{"line":46,"column":2},"end":{"line":50,"column":3}}],"line":46},"3":{"loc":{"start":{"line":63,"column":4},"end":{"line":69,"column":5}},"type":"if","locations":[{"start":{"line":63,"column":4},"end":{"line":69,"column":5}},{"start":{"line":63,"column":4},"end":{"line":69,"column":5}}],"line":63},"4":{"loc":{"start":{"line":65,"column":11},"end":{"line":69,"column":5}},"type":"if","locations":[{"start":{"line":65,"column":11},"end":{"line":69,"column":5}},{"start":{"line":65,"column":11},"end":{"line":69,"column":5}}],"line":65}},"s":{"0":1,"1":1,"2":1,"3":2,"4":1,"5":5,"6":1,"7":4,"8":3,"9":1,"10":1,"11":2,"12":6,"13":2,"14":1,"15":1,"16":1,"17":3,"18":9,"19":5,"20":4,"21":3,"22":1},"f":{"0":1,"1":2,"2":5,"3":2,"4":6,"5":3,"6":9},"b":{"0":[1,4],"1":[3,1],"2":[1,1],"3":[5,4],"4":[3,1]},"_coverageSchema":"1a1c01bbd47fc00a2c39e90264f33305004495a9","hash":"898efb3b91043d9ffde9edb4f7670e8e1c8b41ca"}
}
