TN:
SF:src\js11-unit-testing\js11.js
FN:9,(anonymous_0)
FN:19,(anonymous_1)
FN:29,(anonymous_2)
FN:44,(anonymous_3)
FN:45,(anonymous_4)
FN:61,(anonymous_5)
FN:62,(anonymous_6)
FNF:7
FNH:7
FNDA:1,(anonymous_0)
FNDA:2,(anonymous_1)
FNDA:5,(anonymous_2)
FNDA:2,(anonymous_3)
FNDA:6,(anonymous_4)
FNDA:3,(anonymous_5)
FNDA:9,(anonymous_6)
DA:9,1
DA:10,1
DA:19,1
DA:20,2
DA:29,1
DA:30,5
DA:31,1
DA:32,4
DA:33,3
DA:35,1
DA:44,1
DA:45,6
DA:46,2
DA:47,1
DA:49,1
DA:61,1
DA:62,3
DA:63,9
DA:64,5
DA:65,4
DA:66,3
DA:68,1
LF:22
LH:22
BRDA:30,0,0,1
BRDA:30,0,1,4
BRDA:32,1,0,3
BRDA:32,1,1,1
BRDA:46,2,0,1
BRDA:46,2,1,1
BRDA:63,3,0,5
BRDA:63,3,1,4
BRDA:65,4,0,3
BRDA:65,4,1,1
BRF:10
BRH:10
end_of_record
